<?xml version="1.0" encoding="UTF-8"?>
<robot generator="Robot 7.4.1 (Python 3.13.7 on win32)" generated="2026-02-19T10:05:47.853874" rpa="false" schemaversion="5">
<suite id="s1" name="RadioButtons" source="C:\Users\ANGEL PATI\WiproRobotFramewrok\TestSuite\RadioButtons.robot">
<test id="s1-t1" name="Verify login scenerio with valid credentials" line="6">
<kw name="Open Browser" owner="SeleniumLibrary">
<msg time="2026-02-19T10:05:48.530800" level="INFO">Opening browser 'firefox' to base url 'https://rahulshettyacademy.com/AutomationPractice/'.</msg>
<arg>${url}</arg>
<arg>firefox</arg>
<doc>Opens a new browser instance to the optional ``url``.</doc>
<status status="PASS" start="2026-02-19T10:05:48.530427" elapsed="12.780402"/>
</kw>
<kw name="Maximize Browser Window" owner="SeleniumLibrary">
<doc>Maximizes current browser window.</doc>
<status status="PASS" start="2026-02-19T10:06:01.311325" elapsed="0.008179"/>
</kw>
<kw name="Wait Until Element Is Visible" owner="SeleniumLibrary">
<arg>xpath://input[@value='radio1']</arg>
<doc>Waits until the element ``locator`` is visible.</doc>
<status status="PASS" start="2026-02-19T10:06:01.320253" elapsed="0.117371"/>
</kw>
<kw name="Click Element" owner="SeleniumLibrary">
<msg time="2026-02-19T10:06:01.438309" level="INFO">Clicking element 'xpath://input[@value='radio1']'.</msg>
<arg>xpath://input[@value='radio1']</arg>
<doc>Click the element identified by ``locator``.</doc>
<status status="PASS" start="2026-02-19T10:06:01.438035" elapsed="0.100331"/>
</kw>
<kw name="Close Browser" owner="SeleniumLibrary">
<doc>Closes the current browser.</doc>
<status status="PASS" start="2026-02-19T10:06:01.538681" elapsed="3.646776"/>
</kw>
<status status="PASS" start="2026-02-19T10:05:48.528789" elapsed="16.657239"/>
</test>
<status status="PASS" start="2026-02-19T10:05:47.857225" elapsed="17.329821"/>
</suite>
<statistics>
<total>
<stat pass="1" fail="0" skip="0">All Tests</stat>
</total>
<tag>
</tag>
<suite>
<stat name="RadioButtons" id="s1" pass="1" fail="0" skip="0">RadioButtons</stat>
</suite>
</statistics>
<errors>
</errors>
</robot>
